# JRE version: OpenJDK Runtime Environment JBR-17.0.5+1-653.23-jcef (17.0.5+1) (build 17.0.5+1-b653.23)
# Java VM: OpenJDK 64-Bit Server VM JBR-17.0.5+1-653.23-jcef (17.0.5+1-b653.23, mixed mode, tiered, compressed oops, compressed class ptrs, g1 gc, windows-amd64)
GC Precious Log:
 CPUs: 8 total, 8 available
 Memory: 12205M
 Large Page Support: Disabled
 NUMA Support: Disabled
 Compressed Oops: Enabled (32-bit)
 Heap Region Size: 1M
 Heap Min Capacity: 128M
 Heap Initial Capacity: 128M
 Heap Max Capacity: 750M
 Pre-touch: Disabled
 Parallel Workers: 8
 Concurrent Workers: 2
 Concurrent Refinement Workers: 8
 Periodic GC: Disabled
Heap:
 garbage-first heap   total 131072K, used 39434K [0x00000000d1200000, 0x0000000100000000)
  region size 1024K, 31 young (31744K), 2 survivors (2048K)
 Metaspace       used 21111K, committed 21376K, reserved 1073152K
  class space    used 2052K, committed 2176K, reserved 1048576K
GC Heap History (16 events):
Event: 1.962 GC heap before
{Heap before GC invocations=0 (full 0):
 garbage-first heap   total 131072K, used 25600K [0x00000000d1200000, 0x0000000100000000)
  region size 1024K, 23 young (23552K), 0 survivors (0K)
 Metaspace       used 18594K, committed 18816K, reserved 1073152K
  class space    used 1883K, committed 1984K, reserved 1048576K
}
Event: 1.973 GC heap after
{Heap after GC invocations=1 (full 0):
 garbage-first heap   total 131072K, used 8192K [0x00000000d1200000, 0x0000000100000000)
  region size 1024K, 3 young (3072K), 3 survivors (3072K)
 Metaspace       used 18594K, committed 18816K, reserved 1073152K
  class space    used 1883K, committed 1984K, reserved 1048576K
}
Event: 20.874 GC heap before
{Heap before GC invocations=1 (full 0):
 garbage-first heap   total 131072K, used 31744K [0x00000000d1200000, 0x0000000100000000)
  region size 1024K, 26 young (26624K), 3 survivors (3072K)
 Metaspace       used 20255K, committed 20544K, reserved 1073152K
  class space    used 2026K, committed 2176K, reserved 1048576K
}
Event: 20.882 GC heap after
{Heap after GC invocations=2 (full 0):
 garbage-first heap   total 131072K, used 9827K [0x00000000d1200000, 0x0000000100000000)
  region size 1024K, 1 young (1024K), 1 survivors (1024K)
 Metaspace       used 20255K, committed 20544K, reserved 1073152K
  class space    used 2026K, committed 2176K, reserved 1048576K
}
Event: 651.942 GC heap before
{Heap before GC invocations=2 (full 0):
 garbage-first heap   total 131072K, used 60003K [0x00000000d1200000, 0x0000000100000000)
  region size 1024K, 50 young (51200K), 1 survivors (1024K)
 Metaspace       used 20714K, committed 20992K, reserved 1073152K
  class space    used 2042K, committed 2176K, reserved 1048576K
}
Event: 651.948 GC heap after
{Heap after GC invocations=3 (full 0):
 garbage-first heap   total 131072K, used 10661K [0x00000000d1200000, 0x0000000100000000)
  region size 1024K, 2 young (2048K), 2 survivors (2048K)
 Metaspace       used 20714K, committed 20992K, reserved 1073152K
  class space    used 2042K, committed 2176K, reserved 1048576K
}
Event: 2156.634 GC heap before
{Heap before GC invocations=3 (full 0):
 garbage-first heap   total 131072K, used 86437K [0x00000000d1200000, 0x0000000100000000)
  region size 1024K, 76 young (77824K), 2 survivors (2048K)
 Metaspace       used 20906K, committed 21184K, reserved 1073152K
  class space    used 2045K, committed 2176K, reserved 1048576K
}
Event: 2156.637 GC heap after
{Heap after GC invocations=4 (full 0):
 garbage-first heap   total 131072K, used 11206K [0x00000000d1200000, 0x0000000100000000)
  region size 1024K, 3 young (3072K), 3 survivors (3072K)
 Metaspace       used 20906K, committed 21184K, reserved 1073152K
  class space    used 2045K, committed 2176K, reserved 1048576K
}
Event: 3600.041 GC heap before
{Heap before GC invocations=4 (full 0):
 garbage-first heap   total 131072K, used 19398K [0x00000000d1200000, 0x0000000100000000)
  region size 1024K, 12 young (12288K), 3 survivors (3072K)
 Metaspace       used 20930K, committed 21184K, reserved 1073152K
  class space    used 2046K, committed 2176K, reserved 1048576K
}
Event: 3600.302 GC heap after
{Heap after GC invocations=5 (full 1):
 garbage-first heap   total 131072K, used 8792K [0x00000000d1200000, 0x0000000100000000)
  region size 1024K, 0 young (0K), 0 survivors (0K)
 Metaspace       used 20806K, committed 21184K, reserved 1073152K
  class space    used 2016K, committed 2176K, reserved 1048576K
}
Event: 6730.743 GC heap before
{Heap before GC invocations=5 (full 1):
 garbage-first heap   total 131072K, used 85592K [0x00000000d1200000, 0x0000000100000000)
  region size 1024K, 76 young (77824K), 0 survivors (0K)
 Metaspace       used 20969K, committed 21248K, reserved 1073152K
  class space    used 2042K, committed 2176K, reserved 1048576K
}
Event: 6730.799 GC heap after
{Heap after GC invocations=6 (full 1):
 garbage-first heap   total 131072K, used 10213K [0x00000000d1200000, 0x0000000100000000)
  region size 1024K, 2 young (2048K), 2 survivors (2048K)
 Metaspace       used 20969K, committed 21248K, reserved 1073152K
  class space    used 2042K, committed 2176K, reserved 1048576K
}
Event: 7200.343 GC heap before
{Heap before GC invocations=6 (full 1):
 garbage-first heap   total 131072K, used 42981K [0x00000000d1200000, 0x0000000100000000)
  region size 1024K, 35 young (35840K), 2 survivors (2048K)
 Metaspace       used 21041K, committed 21312K, reserved 1073152K
  class space    used 2049K, committed 2176K, reserved 1048576K
}
Event: 7200.930 GC heap after
{Heap after GC invocations=7 (full 2):
 garbage-first heap   total 131072K, used 9604K [0x00000000d1200000, 0x0000000100000000)
  region size 1024K, 0 young (0K), 0 survivors (0K)
 Metaspace       used 21041K, committed 21312K, reserved 1073152K
  class space    used 2049K, committed 2176K, reserved 1048576K
}
Event: 7471.115 GC heap before
{Heap before GC invocations=7 (full 2):
 garbage-first heap   total 131072K, used 87428K [0x00000000d1200000, 0x0000000100000000)
  region size 1024K, 76 young (77824K), 0 survivors (0K)
 Metaspace       used 21079K, committed 21376K, reserved 1073152K
  class space    used 2052K, committed 2176K, reserved 1048576K
}
Event: 7471.137 GC heap after
{Heap after GC invocations=8 (full 2):
 garbage-first heap   total 131072K, used 10762K [0x00000000d1200000, 0x0000000100000000)
  region size 1024K, 2 young (2048K), 2 survivors (2048K)
 Metaspace       used 21079K, committed 21376K, reserved 1073152K
  class space    used 2052K, committed 2176K, reserved 1048576K
}

